<?xml version="1.0" encoding="UTF-8"?>
<!-- Generated by org.testng.reporters.JUnitReportReporter -->
<testsuite skipped="0" hostname="DESKTOP-CIBE6E1" name="org.example.testRunner.runners" tests="2" failures="0" timestamp="2023-03-13T12:09:21 EET" time="25.414" errors="0">
  <testcase name="runScenario" time="16.714" classname="org.example.testRunner.runners"/>
  <system-out/>
  <testcase name="runScenario" time="8.700" classname="org.example.testRunner.runners"/>
  <system-out/>
</testsuite> <!-- org.example.testRunner.runners -->
